C:\Program Files (x86)\Microsoft Visual Studio\2017\Community\Common7\IDE\VC\VCTargets\Microsoft.CppBuild.targets(387,5): warning MSB8028: The intermediate directory (x64\Release\) contains files shared from another project (OpenGLTutorial01.vcxproj).  This can lead to incorrect clean and rebuild behavior.
  cAnimationState.cpp
  cCamera.cpp
  cCubeObject.cpp
  cFrameBuffer.cpp
  cMazeMaker.cpp
  cMesh.cpp
cMesh.cpp(37): warning C4244: 'argument': conversion from 'int' to 'float', possible loss of data
cMesh.cpp(44): warning C4267: 'argument': conversion from 'size_t' to 'GLsizei', possible loss of data
  cModel.cpp
cModel.cpp(36): warning C4018: '<': signed/unsigned mismatch
cModel.cpp(42): warning C4018: '<': signed/unsigned mismatch
cModel.cpp(54): warning C4018: '<': signed/unsigned mismatch
cModel.cpp(79): warning C4018: '<': signed/unsigned mismatch
cModel.cpp(82): warning C4018: '<': signed/unsigned mismatch
cModel.cpp(103): warning C4018: '<': signed/unsigned mismatch
  cPlaneObject.cpp
  cScreenQuad.cpp
  cShader.cpp
cShader.cpp(40): warning C4267: '=': conversion from 'size_t' to 'unsigned int', possible loss of data
cShader.cpp(55): warning C4267: 'initializing': conversion from 'size_t' to 'unsigned int', possible loss of data
  cShaderProgram.cpp
  cSkinnedGameObject.cpp
cSkinnedGameObject.cpp(149): warning C4244: '=': conversion from 'double' to 'float', possible loss of data
  cSkinnedMesh.cpp
  cSkybox.cpp
  main.cpp
main.cpp(61): warning C4244: 'argument': conversion from 'time_t' to 'unsigned int', possible loss of data
main.cpp(238): warning C4244: 'initializing': conversion from 'double' to 'float', possible loss of data
main.cpp(268): warning C4244: 'initializing': conversion from 'double' to 'float', possible loss of data
main.cpp(398): warning C4244: '=': conversion from 'double' to 'float', possible loss of data
main.cpp(399): warning C4244: '=': conversion from 'double' to 'float', possible loss of data
main.cpp(403): warning C4244: 'initializing': conversion from 'double' to 'float', possible loss of data
main.cpp(404): warning C4244: 'initializing': conversion from 'double' to 'float', possible loss of data
main.cpp(405): warning C4244: '=': conversion from 'double' to 'float', possible loss of data
main.cpp(406): warning C4244: '=': conversion from 'double' to 'float', possible loss of data
main.cpp(413): warning C4244: 'argument': conversion from 'double' to 'float', possible loss of data
  glad.c
LINK : warning LNK4098: defaultlib 'LIBCMT' conflicts with use of other libs; use /NODEFAULTLIB:library
LINK : warning LNK4098: defaultlib 'MSVCRTD' conflicts with use of other libs; use /NODEFAULTLIB:library
  Generating code
  All 1187 functions were compiled because no usable IPDB/IOBJ from previous compilation was found.
  Finished generating code
soil2-debug.lib(image_DXT.obj) : warning LNK4099: PDB 'soil2-debug.pdb' was not found with 'soil2-debug.lib(image_DXT.obj)' or at 'C:\Users\alexm\Documents\Game Development - Advanced Programming 2017\Game Algorithms and Gems\Midterm Solutions\Question 2\x64\Release\soil2-debug.pdb'; linking object as if no debug info
soil2-debug.lib(image_helper.obj) : warning LNK4099: PDB 'soil2-debug.pdb' was not found with 'soil2-debug.lib(image_helper.obj)' or at 'C:\Users\alexm\Documents\Game Development - Advanced Programming 2017\Game Algorithms and Gems\Midterm Solutions\Question 2\x64\Release\soil2-debug.pdb'; linking object as if no debug info
soil2-debug.lib(SOIL2.obj) : warning LNK4099: PDB 'soil2-debug.pdb' was not found with 'soil2-debug.lib(SOIL2.obj)' or at 'C:\Users\alexm\Documents\Game Development - Advanced Programming 2017\Game Algorithms and Gems\Midterm Solutions\Question 2\x64\Release\soil2-debug.pdb'; linking object as if no debug info
soil2-debug.lib(stb_image_write.obj) : warning LNK4099: PDB 'soil2-debug.pdb' was not found with 'soil2-debug.lib(stb_image_write.obj)' or at 'C:\Users\alexm\Documents\Game Development - Advanced Programming 2017\Game Algorithms and Gems\Midterm Solutions\Question 2\x64\Release\soil2-debug.pdb'; linking object as if no debug info
  OpenGLTutorial01.vcxproj -> C:\Users\alexm\Documents\Game Development - Advanced Programming 2017\Game Algorithms and Gems\Midterm Solutions\Question 2\x64\Release\Project 1.exe
