c:\users\alexm\documents\game development - advanced programming 2017\game algorithms and gems\midterm\opengltutorial01\x64\release\vc141.pdb
c:\users\alexm\documents\game development - advanced programming 2017\game algorithms and gems\midterm\opengltutorial01\x64\release\main.obj
c:\users\alexm\documents\game development - advanced programming 2017\game algorithms and gems\midterm\opengltutorial01\x64\release\cskybox.obj
c:\users\alexm\documents\game development - advanced programming 2017\game algorithms and gems\midterm\opengltutorial01\x64\release\cskinnedmesh.obj
c:\users\alexm\documents\game development - advanced programming 2017\game algorithms and gems\midterm\opengltutorial01\x64\release\cskinnedgameobject.obj
c:\users\alexm\documents\game development - advanced programming 2017\game algorithms and gems\midterm\opengltutorial01\x64\release\cshaderprogram.obj
c:\users\alexm\documents\game development - advanced programming 2017\game algorithms and gems\midterm\opengltutorial01\x64\release\cshader.obj
c:\users\alexm\documents\game development - advanced programming 2017\game algorithms and gems\midterm\opengltutorial01\x64\release\cscreenquad.obj
c:\users\alexm\documents\game development - advanced programming 2017\game algorithms and gems\midterm\opengltutorial01\x64\release\cplaneobject.obj
c:\users\alexm\documents\game development - advanced programming 2017\game algorithms and gems\midterm\opengltutorial01\x64\release\cmodel.obj
c:\users\alexm\documents\game development - advanced programming 2017\game algorithms and gems\midterm\opengltutorial01\x64\release\cmesh.obj
c:\users\alexm\documents\game development - advanced programming 2017\game algorithms and gems\midterm\opengltutorial01\x64\release\cmazemaker.obj
c:\users\alexm\documents\game development - advanced programming 2017\game algorithms and gems\midterm\opengltutorial01\x64\release\cframebuffer.obj
c:\users\alexm\documents\game development - advanced programming 2017\game algorithms and gems\midterm\opengltutorial01\x64\release\ccubeobject.obj
c:\users\alexm\documents\game development - advanced programming 2017\game algorithms and gems\midterm\opengltutorial01\x64\release\ccamera.obj
c:\users\alexm\documents\game development - advanced programming 2017\game algorithms and gems\midterm\opengltutorial01\x64\release\canimationstate.obj
c:\users\alexm\documents\game development - advanced programming 2017\game algorithms and gems\midterm\opengltutorial01\x64\release\glad.obj
c:\users\alexm\documents\game development - advanced programming 2017\game algorithms and gems\midterm\x64\release\project 1.exe
c:\users\alexm\documents\game development - advanced programming 2017\game algorithms and gems\midterm\x64\release\project 1.pdb
c:\users\alexm\documents\game development - advanced programming 2017\game algorithms and gems\midterm\x64\release\project 1.ipdb
c:\users\alexm\documents\game development - advanced programming 2017\game algorithms and gems\midterm\x64\release\project 1.iobj
c:\users\alexm\documents\game development - advanced programming 2017\game algorithms and gems\midterm\opengltutorial01\x64\release\project 1.tlog\cl.command.1.tlog
c:\users\alexm\documents\game development - advanced programming 2017\game algorithms and gems\midterm\opengltutorial01\x64\release\project 1.tlog\cl.read.1.tlog
c:\users\alexm\documents\game development - advanced programming 2017\game algorithms and gems\midterm\opengltutorial01\x64\release\project 1.tlog\cl.write.1.tlog
c:\users\alexm\documents\game development - advanced programming 2017\game algorithms and gems\midterm\opengltutorial01\x64\release\project 1.tlog\link.command.1.tlog
c:\users\alexm\documents\game development - advanced programming 2017\game algorithms and gems\midterm\opengltutorial01\x64\release\project 1.tlog\link.read.1.tlog
c:\users\alexm\documents\game development - advanced programming 2017\game algorithms and gems\midterm\opengltutorial01\x64\release\project 1.tlog\link.write.1.tlog
c:\users\alexm\documents\game development - advanced programming 2017\game algorithms and gems\midterm\opengltutorial01\x64\release\project 1.tlog\project 1.write.1u.tlog
