C:\Program Files (x86)\Microsoft Visual Studio\2017\Community\Common7\IDE\VC\VCTargets\Microsoft.CppBuild.targets(387,5): warning MSB8028: The intermediate directory (x64\Debug\) contains files shared from another project (OpenGLTutorial01.vcxproj).  This can lead to incorrect clean and rebuild behavior.
  main.cpp
c:\users\alexm\documents\game development - advanced programming 2017\game algorithms and gems\midterm solutions\question 1\opengltutorial01\main.cpp(61): warning C4244: 'argument': conversion from 'time_t' to 'unsigned int', possible loss of data
c:\users\alexm\documents\game development - advanced programming 2017\game algorithms and gems\midterm solutions\question 1\opengltutorial01\main.cpp(238): warning C4244: 'initializing': conversion from 'double' to 'float', possible loss of data
c:\users\alexm\documents\game development - advanced programming 2017\game algorithms and gems\midterm solutions\question 1\opengltutorial01\main.cpp(353): warning C4244: '=': conversion from 'double' to 'float', possible loss of data
c:\users\alexm\documents\game development - advanced programming 2017\game algorithms and gems\midterm solutions\question 1\opengltutorial01\main.cpp(354): warning C4244: '=': conversion from 'double' to 'float', possible loss of data
c:\users\alexm\documents\game development - advanced programming 2017\game algorithms and gems\midterm solutions\question 1\opengltutorial01\main.cpp(358): warning C4244: 'initializing': conversion from 'double' to 'float', possible loss of data
c:\users\alexm\documents\game development - advanced programming 2017\game algorithms and gems\midterm solutions\question 1\opengltutorial01\main.cpp(359): warning C4244: 'initializing': conversion from 'double' to 'float', possible loss of data
c:\users\alexm\documents\game development - advanced programming 2017\game algorithms and gems\midterm solutions\question 1\opengltutorial01\main.cpp(360): warning C4244: '=': conversion from 'double' to 'float', possible loss of data
c:\users\alexm\documents\game development - advanced programming 2017\game algorithms and gems\midterm solutions\question 1\opengltutorial01\main.cpp(361): warning C4244: '=': conversion from 'double' to 'float', possible loss of data
c:\users\alexm\documents\game development - advanced programming 2017\game algorithms and gems\midterm solutions\question 1\opengltutorial01\main.cpp(368): warning C4244: 'argument': conversion from 'double' to 'float', possible loss of data
  cSkybox.cpp
  cSkinnedMesh.cpp
  cSkinnedGameObject.cpp
c:\users\alexm\documents\game development - advanced programming 2017\game algorithms and gems\midterm solutions\question 1\opengltutorial01\cskinnedgameobject.cpp(149): warning C4244: '=': conversion from 'double' to 'float', possible loss of data
  cShaderProgram.cpp
  cShader.cpp
c:\users\alexm\documents\game development - advanced programming 2017\game algorithms and gems\midterm solutions\question 1\opengltutorial01\cshader.cpp(40): warning C4267: '=': conversion from 'size_t' to 'unsigned int', possible loss of data
c:\users\alexm\documents\game development - advanced programming 2017\game algorithms and gems\midterm solutions\question 1\opengltutorial01\cshader.cpp(55): warning C4267: 'initializing': conversion from 'size_t' to 'unsigned int', possible loss of data
  cScreenQuad.cpp
  cPlaneObject.cpp
  cModel.cpp
c:\users\alexm\documents\game development - advanced programming 2017\game algorithms and gems\midterm solutions\question 1\opengltutorial01\cmodel.cpp(36): warning C4018: '<': signed/unsigned mismatch
c:\users\alexm\documents\game development - advanced programming 2017\game algorithms and gems\midterm solutions\question 1\opengltutorial01\cmodel.cpp(42): warning C4018: '<': signed/unsigned mismatch
c:\users\alexm\documents\game development - advanced programming 2017\game algorithms and gems\midterm solutions\question 1\opengltutorial01\cmodel.cpp(54): warning C4018: '<': signed/unsigned mismatch
c:\users\alexm\documents\game development - advanced programming 2017\game algorithms and gems\midterm solutions\question 1\opengltutorial01\cmodel.cpp(79): warning C4018: '<': signed/unsigned mismatch
c:\users\alexm\documents\game development - advanced programming 2017\game algorithms and gems\midterm solutions\question 1\opengltutorial01\cmodel.cpp(82): warning C4018: '<': signed/unsigned mismatch
c:\users\alexm\documents\game development - advanced programming 2017\game algorithms and gems\midterm solutions\question 1\opengltutorial01\cmodel.cpp(103): warning C4018: '<': signed/unsigned mismatch
  cMesh.cpp
c:\users\alexm\documents\game development - advanced programming 2017\game algorithms and gems\midterm solutions\question 1\opengltutorial01\cmesh.cpp(37): warning C4244: 'argument': conversion from 'int' to 'float', possible loss of data
c:\users\alexm\documents\game development - advanced programming 2017\game algorithms and gems\midterm solutions\question 1\opengltutorial01\cmesh.cpp(44): warning C4267: 'argument': conversion from 'size_t' to 'GLsizei', possible loss of data
  cMazeMaker.cpp
  cFrameBuffer.cpp
  cCubeObject.cpp
  cCamera.cpp
  cAnimationState.cpp
  Generating Code...
  glad.c
LINK : warning LNK4098: defaultlib 'LIBCMTD' conflicts with use of other libs; use /NODEFAULTLIB:library
glfw3_64.lib(context.obj) : warning LNK4099: PDB 'glfw.pdb' was not found with 'glfw3_64.lib(context.obj)' or at 'C:\Users\alexm\Documents\Game Development - Advanced Programming 2017\Game Algorithms and Gems\Midterm Solutions\Question 1\x64\Debug\glfw.pdb'; linking object as if no debug info
glfw3_64.lib(init.obj) : warning LNK4099: PDB 'glfw.pdb' was not found with 'glfw3_64.lib(init.obj)' or at 'C:\Users\alexm\Documents\Game Development - Advanced Programming 2017\Game Algorithms and Gems\Midterm Solutions\Question 1\x64\Debug\glfw.pdb'; linking object as if no debug info
glfw3_64.lib(input.obj) : warning LNK4099: PDB 'glfw.pdb' was not found with 'glfw3_64.lib(input.obj)' or at 'C:\Users\alexm\Documents\Game Development - Advanced Programming 2017\Game Algorithms and Gems\Midterm Solutions\Question 1\x64\Debug\glfw.pdb'; linking object as if no debug info
glfw3_64.lib(monitor.obj) : warning LNK4099: PDB 'glfw.pdb' was not found with 'glfw3_64.lib(monitor.obj)' or at 'C:\Users\alexm\Documents\Game Development - Advanced Programming 2017\Game Algorithms and Gems\Midterm Solutions\Question 1\x64\Debug\glfw.pdb'; linking object as if no debug info
glfw3_64.lib(vulkan.obj) : warning LNK4099: PDB 'glfw.pdb' was not found with 'glfw3_64.lib(vulkan.obj)' or at 'C:\Users\alexm\Documents\Game Development - Advanced Programming 2017\Game Algorithms and Gems\Midterm Solutions\Question 1\x64\Debug\glfw.pdb'; linking object as if no debug info
glfw3_64.lib(window.obj) : warning LNK4099: PDB 'glfw.pdb' was not found with 'glfw3_64.lib(window.obj)' or at 'C:\Users\alexm\Documents\Game Development - Advanced Programming 2017\Game Algorithms and Gems\Midterm Solutions\Question 1\x64\Debug\glfw.pdb'; linking object as if no debug info
glfw3_64.lib(win32_init.obj) : warning LNK4099: PDB 'glfw.pdb' was not found with 'glfw3_64.lib(win32_init.obj)' or at 'C:\Users\alexm\Documents\Game Development - Advanced Programming 2017\Game Algorithms and Gems\Midterm Solutions\Question 1\x64\Debug\glfw.pdb'; linking object as if no debug info
glfw3_64.lib(win32_joystick.obj) : warning LNK4099: PDB 'glfw.pdb' was not found with 'glfw3_64.lib(win32_joystick.obj)' or at 'C:\Users\alexm\Documents\Game Development - Advanced Programming 2017\Game Algorithms and Gems\Midterm Solutions\Question 1\x64\Debug\glfw.pdb'; linking object as if no debug info
glfw3_64.lib(win32_monitor.obj) : warning LNK4099: PDB 'glfw.pdb' was not found with 'glfw3_64.lib(win32_monitor.obj)' or at 'C:\Users\alexm\Documents\Game Development - Advanced Programming 2017\Game Algorithms and Gems\Midterm Solutions\Question 1\x64\Debug\glfw.pdb'; linking object as if no debug info
glfw3_64.lib(win32_time.obj) : warning LNK4099: PDB 'glfw.pdb' was not found with 'glfw3_64.lib(win32_time.obj)' or at 'C:\Users\alexm\Documents\Game Development - Advanced Programming 2017\Game Algorithms and Gems\Midterm Solutions\Question 1\x64\Debug\glfw.pdb'; linking object as if no debug info
glfw3_64.lib(win32_tls.obj) : warning LNK4099: PDB 'glfw.pdb' was not found with 'glfw3_64.lib(win32_tls.obj)' or at 'C:\Users\alexm\Documents\Game Development - Advanced Programming 2017\Game Algorithms and Gems\Midterm Solutions\Question 1\x64\Debug\glfw.pdb'; linking object as if no debug info
glfw3_64.lib(win32_window.obj) : warning LNK4099: PDB 'glfw.pdb' was not found with 'glfw3_64.lib(win32_window.obj)' or at 'C:\Users\alexm\Documents\Game Development - Advanced Programming 2017\Game Algorithms and Gems\Midterm Solutions\Question 1\x64\Debug\glfw.pdb'; linking object as if no debug info
glfw3_64.lib(wgl_context.obj) : warning LNK4099: PDB 'glfw.pdb' was not found with 'glfw3_64.lib(wgl_context.obj)' or at 'C:\Users\alexm\Documents\Game Development - Advanced Programming 2017\Game Algorithms and Gems\Midterm Solutions\Question 1\x64\Debug\glfw.pdb'; linking object as if no debug info
glfw3_64.lib(egl_context.obj) : warning LNK4099: PDB 'glfw.pdb' was not found with 'glfw3_64.lib(egl_context.obj)' or at 'C:\Users\alexm\Documents\Game Development - Advanced Programming 2017\Game Algorithms and Gems\Midterm Solutions\Question 1\x64\Debug\glfw.pdb'; linking object as if no debug info
soil2-debug.lib(image_DXT.obj) : warning LNK4099: PDB 'soil2-debug.pdb' was not found with 'soil2-debug.lib(image_DXT.obj)' or at 'C:\Users\alexm\Documents\Game Development - Advanced Programming 2017\Game Algorithms and Gems\Midterm Solutions\Question 1\x64\Debug\soil2-debug.pdb'; linking object as if no debug info
soil2-debug.lib(image_helper.obj) : warning LNK4099: PDB 'soil2-debug.pdb' was not found with 'soil2-debug.lib(image_helper.obj)' or at 'C:\Users\alexm\Documents\Game Development - Advanced Programming 2017\Game Algorithms and Gems\Midterm Solutions\Question 1\x64\Debug\soil2-debug.pdb'; linking object as if no debug info
soil2-debug.lib(SOIL2.obj) : warning LNK4099: PDB 'soil2-debug.pdb' was not found with 'soil2-debug.lib(SOIL2.obj)' or at 'C:\Users\alexm\Documents\Game Development - Advanced Programming 2017\Game Algorithms and Gems\Midterm Solutions\Question 1\x64\Debug\soil2-debug.pdb'; linking object as if no debug info
soil2-debug.lib(stb_image_write.obj) : warning LNK4099: PDB 'soil2-debug.pdb' was not found with 'soil2-debug.lib(stb_image_write.obj)' or at 'C:\Users\alexm\Documents\Game Development - Advanced Programming 2017\Game Algorithms and Gems\Midterm Solutions\Question 1\x64\Debug\soil2-debug.pdb'; linking object as if no debug info
  OpenGLTutorial01.vcxproj -> C:\Users\alexm\Documents\Game Development - Advanced Programming 2017\Game Algorithms and Gems\Midterm Solutions\Question 1\x64\Debug\Project 1.exe
